<?xml version="1.0" encoding="UTF-8"?>
<!-- Generated by org.testng.reporters.JUnitReportReporter -->
<testsuite hostname="Медвежий-ПК" failures="0" tests="1" name="work2.TestClass" time="0.016" errors="0" timestamp="14 Aug 2022 09:22:57 GMT">
  <testcase classname="work2.TestClass" name="annotation" time="0.016"/>
</testsuite> <!-- work2.TestClass -->
